<?xml version="1.0" encoding="UTF-8"?>
<!-- Generated by org.testng.reporters.JUnitReportReporter -->
<testsuite hostname="dell-PC" name="testCases.Products" tests="1" failures="0" timestamp="22 Aug 2016 23:14:13 GMT" time="61.652" errors="0">
  <testcase name="searchItems" time="61.652" classname="testCases.Products"/>
</testsuite> <!-- testCases.Products -->
