<?xml version="1.0" encoding="UTF-8"?>
<!-- Generated by org.testng.reporters.JUnitReportReporter -->
<testsuite hostname="dell-PC" name="testCases.ActionItems" tests="1" failures="0" timestamp="22 Aug 2016 23:13:09 GMT" time="82.218" errors="0">
  <testcase name="searchNews" time="82.218" classname="testCases.ActionItems"/>
</testsuite> <!-- testCases.ActionItems -->
