<?xml version="1.0" encoding="UTF-8"?>
<!-- Generated by org.testng.reporters.JUnitReportReporter -->
<testsuite hostname="dell-PC" name="testCases.Products" tests="1" failures="0" timestamp="22 Aug 2016 16:13:13 GMT" time="56.773" errors="0">
  <testcase name="searchItems" time="56.773" classname="testCases.Products"/>
</testsuite> <!-- testCases.Products -->
