<?xml version="1.0" encoding="UTF-8"?>
<!-- Generated by org.testng.reporters.JUnitReportReporter -->
<testsuite hostname="dell-PC" name="testCases.Search" tests="1" failures="0" timestamp="19 Aug 2016 21:16:08 GMT" time="22.887" errors="0">
  <testcase name="search" time="22.887" classname="testCases.Search"/>
</testsuite> <!-- testCases.Search -->
