<?xml version="1.0" encoding="UTF-8"?>
<!-- Generated by org.testng.reporters.JUnitReportReporter -->
<testsuite hostname="dell-PC" name="testCases.Search" tests="1" failures="0" timestamp="20 Aug 2016 23:21:28 GMT" time="27.583" errors="0">
  <testcase name="search" time="27.583" classname="testCases.Search"/>
</testsuite> <!-- testCases.Search -->
