<?xml version="1.0" encoding="UTF-8"?>
<!-- Generated by org.testng.reporters.JUnitReportReporter -->
<testsuite hostname="dell-PC" name="testCases.SearchNewsFromDB" tests="1" failures="0" timestamp="21 Aug 2016 07:07:25 GMT" time="56.231" errors="0">
  <testcase name="searchNews" time="56.231" classname="testCases.SearchNewsFromDB"/>
</testsuite> <!-- testCases.SearchNewsFromDB -->
