<?xml version="1.0" encoding="UTF-8"?>
<!-- Generated by org.testng.reporters.JUnitReportReporter -->
<testsuite hostname="dell-PC" name="testCases.SearchNewsFromDB" tests="1" failures="0" timestamp="21 Aug 2016 01:33:29 GMT" time="49.282" errors="0">
  <testcase name="searchNews" time="49.282" classname="testCases.SearchNewsFromDB"/>
</testsuite> <!-- testCases.SearchNewsFromDB -->
