<?xml version="1.0" encoding="UTF-8"?>
<!-- Generated by org.testng.reporters.JUnitReportReporter -->
<testsuite hostname="dell-PC" name="testCases.ActionItems" tests="1" failures="0" timestamp="22 Aug 2016 22:03:00 GMT" time="88.272" errors="0">
  <testcase name="searchNews" time="88.272" classname="testCases.ActionItems"/>
</testsuite> <!-- testCases.ActionItems -->
