<?xml version="1.0" encoding="UTF-8"?>
<!-- Generated by org.testng.reporters.JUnitReportReporter -->
<testsuite hostname="dell-PC" name="testCases.SearchNewsFromExternalSource" tests="1" failures="0" timestamp="22 Aug 2016 02:17:11 GMT" time="42.046" errors="0">
  <testcase name="searchNews" time="42.046" classname="testCases.SearchNewsFromExternalSource"/>
</testsuite> <!-- testCases.SearchNewsFromExternalSource -->
